<?xml version="1.0" encoding="UTF-8"?>
<testsuite xmlns:xsi="http://www.w3.org/2001/XMLSchema-instance" xsi:noNamespaceSchemaLocation="https://maven.apache.org/surefire/maven-surefire-plugin/xsd/surefire-test-report-3.0.xsd" version="3.0" name="com.devopssample.service.TestClass" time="0.889" tests="3" errors="0" skipped="0" failures="0">
  <properties>
[...]
</properties>
  <testcase name="testAdd" classname="com.devopssample.service.TestClass" time="0.003">
    <system-err><![CDATA[Oct 13, 2024 6:32:25 PM org.springframework.test.context.support.DefaultTestContextBootstrapper getDefaultTestExecutionListenerClassNames
INFO: Loaded default TestExecutionListener class names from location [META-INF/spring.factories]: [org.springframework.test.context.web.ServletTestExecutionListener, org.springframework.test.context.support.DirtiesContextBeforeModesTestExecutionListener, org.springframework.test.context.support.DependencyInjectionTestExecutionListener, org.springframework.test.context.support.DirtiesContextTestExecutionListener, org.springframework.test.context.transaction.TransactionalTestExecutionListener, org.springframework.test.context.jdbc.SqlScriptsTestExecutionListener]
Oct 13, 2024 6:32:25 PM org.springframework.test.context.support.DefaultTestContextBootstrapper getTestExecutionListeners
INFO: Using TestExecutionListeners: [org.springframework.test.context.web.ServletTestExecutionListener@7a52f2a2, org.springframework.test.context.support.DirtiesContextBeforeModesTestExecutionListener@78047b92, org.springframework.test.context.support.DependencyInjectionTestExecutionListener@8909f18, org.springframework.test.context.support.DirtiesContextTestExecutionListener@79ca92b9, org.springframework.test.context.transaction.TransactionalTestExecutionListener@1460a8c0, org.springframework.test.context.jdbc.SqlScriptsTestExecutionListener@4f638935]
Oct 13, 2024 6:32:25 PM org.springframework.beans.factory.xml.XmlBeanDefinitionReader loadBeanDefinitions
INFO: Loading XML bean definitions from URL [file:src/main/webapp/WEB-INF/dispatcher-servlet.xml]
Oct 13, 2024 6:32:25 PM org.springframework.context.support.GenericApplicationContext prepareRefresh
INFO: Refreshing org.springframework.context.support.GenericApplicationContext@647fd8ce: startup date [Sun Oct 13 18:32:25 IST 2024]; root of context hierarchy
Oct 13, 2024 6:32:25 PM org.springframework.web.servlet.mvc.support.ControllerClassNameHandlerMapping registerHandler
INFO: Mapped URL path [/front] onto handler 'frontController'
Oct 13, 2024 6:32:25 PM org.springframework.web.servlet.mvc.support.ControllerClassNameHandlerMapping registerHandler
INFO: Mapped URL path [/front/*] onto handler 'frontController'
Oct 13, 2024 6:32:25 PM org.springframework.web.servlet.handler.SimpleUrlHandlerMapping registerHandler
INFO: Mapped URL path [/resources/**] onto handler 'org.springframework.web.servlet.resource.ResourceHttpRequestHandler#0'
Oct 13, 2024 6:32:26 PM org.springframework.web.servlet.mvc.method.annotation.RequestMappingHandlerAdapter initControllerAdviceCache
INFO: Looking for @ControllerAdvice: org.springframework.context.support.GenericApplicationContext@647fd8ce: startup date [Sun Oct 13 18:32:25 IST 2024]; root of context hierarchy
Oct 13, 2024 6:32:26 PM org.springframework.web.servlet.mvc.method.annotation.RequestMappingHandlerAdapter initControllerAdviceCache
INFO: Looking for @ControllerAdvice: org.springframework.context.support.GenericApplicationContext@647fd8ce: startup date [Sun Oct 13 18:32:25 IST 2024]; root of context hierarchy
]]></system-err>
  </testcase>
  <testcase name="testSub" classname="com.devopssample.service.TestClass" time="0.0"/>
  <testcase name="testFailedAdd" classname="com.devopssample.service.TestClass" time="0.0"/>
</testsuite>